This is pdfTeX, Version 3.14159265-2.6-1.40.19 (MiKTeX 2.9.6840 64-bit) (preloaded format=pdflatex 2018.10.26)  28 OCT 2018 19:03
entering extended mode
**./B2_LSG.tex
(B2_LSG.tex
LaTeX2e <2018-04-01> patch level 5
("C:\Program Files\MiKTeX 2.9\tex\latex\base\article.cls"
Document Class: article 2014/09/29 v1.4h Standard LaTeX document class
("C:\Program Files\MiKTeX 2.9\tex\latex\base\size12.clo"
File: size12.clo 2014/09/29 v1.4h Standard LaTeX file (size option)
)
\c@part=\count80
\c@section=\count81
\c@subsection=\count82
\c@subsubsection=\count83
\c@paragraph=\count84
\c@subparagraph=\count85
\c@figure=\count86
\c@table=\count87
\abovecaptionskip=\skip41
\belowcaptionskip=\skip42
\bibindent=\dimen102
)
("C:\Program Files\MiKTeX 2.9\tex\latex\base\inputenc.sty"
Package: inputenc 2018/04/06 v1.3b Input encoding file
\inpenc@prehook=\toks14
\inpenc@posthook=\toks15
)
("C:\Program Files\MiKTeX 2.9\tex\latex\graphics\graphicx.sty"
Package: graphicx 2017/06/01 v1.1a Enhanced LaTeX Graphics (DPC,SPQR)

("C:\Program Files\MiKTeX 2.9\tex\latex\graphics\keyval.sty"
Package: keyval 2014/10/28 v1.15 key=value parser (DPC)
\KV@toks@=\toks16
)
("C:\Program Files\MiKTeX 2.9\tex\latex\graphics\graphics.sty"
Package: graphics 2017/06/25 v1.2c Standard LaTeX Graphics (DPC,SPQR)

("C:\Program Files\MiKTeX 2.9\tex\latex\graphics\trig.sty"
Package: trig 2016/01/03 v1.10 sin cos tan (DPC)
)
("C:\Program Files\MiKTeX 2.9\tex\latex\graphics-cfg\graphics.cfg"
File: graphics.cfg 2016/06/04 v1.11 sample graphics configuration
)
Package graphics Info: Driver file: pdftex.def on input line 99.

("C:\Program Files\MiKTeX 2.9\tex\latex\graphics-def\pdftex.def"
File: pdftex.def 2018/01/08 v1.0l Graphics/color driver for pdftex
))
\Gin@req@height=\dimen103
\Gin@req@width=\dimen104
)
("C:\Program Files\MiKTeX 2.9\tex\latex\geometry\geometry.sty"
Package: geometry 2018/04/16 v5.8 Page Geometry

("C:\Program Files\MiKTeX 2.9\tex\generic\oberdiek\ifpdf.sty"
Package: ifpdf 2018/09/07 v3.3 Provides the ifpdf switch
)
("C:\Program Files\MiKTeX 2.9\tex\generic\oberdiek\ifvtex.sty"
Package: ifvtex 2016/05/16 v1.6 Detect VTeX and its facilities (HO)
Package ifvtex Info: VTeX not detected.
)
("C:\Program Files\MiKTeX 2.9\tex\generic\ifxetex\ifxetex.sty"
Package: ifxetex 2010/09/12 v0.6 Provides ifxetex conditional
)
\Gm@cnth=\count88
\Gm@cntv=\count89
\c@Gm@tempcnt=\count90
\Gm@bindingoffset=\dimen105
\Gm@wd@mp=\dimen106
\Gm@odd@mp=\dimen107
\Gm@even@mp=\dimen108
\Gm@layoutwidth=\dimen109
\Gm@layoutheight=\dimen110
\Gm@layouthoffset=\dimen111
\Gm@layoutvoffset=\dimen112
\Gm@dimlist=\toks17

("C:\Program Files\MiKTeX 2.9\tex\latex\geometry\geometry.cfg")) (B2_LSG.aux)
\openout1 = `B2_LSG.aux'.

LaTeX Font Info:    Checking defaults for OML/cmm/m/it on input line 8.
LaTeX Font Info:    ... okay on input line 8.
LaTeX Font Info:    Checking defaults for T1/cmr/m/n on input line 8.
LaTeX Font Info:    ... okay on input line 8.
LaTeX Font Info:    Checking defaults for OT1/cmr/m/n on input line 8.
LaTeX Font Info:    ... okay on input line 8.
LaTeX Font Info:    Checking defaults for OMS/cmsy/m/n on input line 8.
LaTeX Font Info:    ... okay on input line 8.
LaTeX Font Info:    Checking defaults for OMX/cmex/m/n on input line 8.
LaTeX Font Info:    ... okay on input line 8.
LaTeX Font Info:    Checking defaults for U/cmr/m/n on input line 8.
LaTeX Font Info:    ... okay on input line 8.

("C:\Program Files\MiKTeX 2.9\tex\context\base\supp-pdf.mkii"
[Loading MPS to PDF converter (version 2006.09.02).]
\scratchcounter=\count91
\scratchdimen=\dimen113
\scratchbox=\box26
\nofMPsegments=\count92
\nofMParguments=\count93
\everyMPshowfont=\toks18
\MPscratchCnt=\count94
\MPscratchDim=\dimen114
\MPnumerator=\count95
\makeMPintoPDFobject=\count96
\everyMPtoPDFconversion=\toks19
) ("C:\Program Files\MiKTeX 2.9\tex\latex\oberdiek\epstopdf-base.sty"
Package: epstopdf-base 2016/05/15 v2.6 Base part for package epstopdf

("C:\Program Files\MiKTeX 2.9\tex\generic\oberdiek\infwarerr.sty"
Package: infwarerr 2016/05/16 v1.4 Providing info/warning/error messages (HO)
)
("C:\Program Files\MiKTeX 2.9\tex\latex\oberdiek\grfext.sty"
Package: grfext 2016/05/16 v1.2 Manage graphics extensions (HO)

("C:\Program Files\MiKTeX 2.9\tex\generic\oberdiek\kvdefinekeys.sty"
Package: kvdefinekeys 2016/05/16 v1.4 Define keys (HO)

("C:\Program Files\MiKTeX 2.9\tex\generic\oberdiek\ltxcmds.sty"
Package: ltxcmds 2016/05/16 v1.23 LaTeX kernel commands for general use (HO)
)))
("C:\Program Files\MiKTeX 2.9\tex\latex\oberdiek\kvoptions.sty"
Package: kvoptions 2016/05/16 v3.12 Key value format for package options (HO)

("C:\Program Files\MiKTeX 2.9\tex\generic\oberdiek\kvsetkeys.sty"
Package: kvsetkeys 2016/05/16 v1.17 Key value parser (HO)

("C:\Program Files\MiKTeX 2.9\tex\generic\oberdiek\etexcmds.sty"
Package: etexcmds 2016/05/16 v1.6 Avoid name clashes with e-TeX commands (HO)

("C:\Program Files\MiKTeX 2.9\tex\generic\oberdiek\ifluatex.sty"
Package: ifluatex 2016/05/16 v1.4 Provides the ifluatex switch (HO)
Package ifluatex Info: LuaTeX not detected.
)
Package etexcmds Info: Could not find \expanded.
(etexcmds)             That can mean that you are not using pdfTeX 1.50 or
(etexcmds)             that some package has redefined \expanded.
(etexcmds)             In the latter case, load this package earlier.
)))
("C:\Program Files\MiKTeX 2.9\tex\generic\oberdiek\pdftexcmds.sty"
Package: pdftexcmds 2018/09/10 v0.29 Utility functions of pdfTeX for LuaTeX (HO
)
Package pdftexcmds Info: LuaTeX not detected.
Package pdftexcmds Info: \pdf@primitive is available.
Package pdftexcmds Info: \pdf@ifprimitive is available.
Package pdftexcmds Info: \pdfdraftmode found.
)
Package epstopdf-base Info: Redefining graphics rule for `.eps' on input line 4
38.
Package grfext Info: Graphics extension search list:
(grfext)             [.pdf,.png,.jpg,.mps,.jpeg,.jbig2,.jb2,.PDF,.PNG,.JPG,.JPE
G,.JBIG2,.JB2,.eps]
(grfext)             \AppendGraphicsExtensions on input line 456.
)
*geometry* driver: auto-detecting
*geometry* detected driver: pdftex
*geometry* verbose mode - [ preamble ] result:
* driver: pdftex
* paper: a4paper
* layout: <same size as paper>
* layoutoffset:(h,v)=(0.0pt,0.0pt)
* modes: landscape 
* h-part:(L,W,R)=(56.9055pt, 731.23584pt, 56.9055pt)
* v-part:(T,H,B)=(56.9055pt, 483.69687pt, 56.9055pt)
* \paperwidth=845.04684pt
* \paperheight=597.50787pt
* \textwidth=731.23584pt
* \textheight=483.69687pt
* \oddsidemargin=-15.36449pt
* \evensidemargin=-15.36449pt
* \topmargin=-52.36449pt
* \headheight=12.0pt
* \headsep=25.0pt
* \topskip=12.0pt
* \footskip=30.0pt
* \marginparwidth=144.0pt
* \marginparsep=10.0pt
* \columnsep=10.0pt
* \skip\footins=10.8pt plus 4.0pt minus 2.0pt
* \hoffset=0.0pt
* \voffset=0.0pt
* \mag=1000
* \@twocolumnfalse
* \@twosidefalse
* \@mparswitchfalse
* \@reversemarginfalse
* (1in=72.27pt=25.4mm, 1cm=28.453pt)

LaTeX Font Info:    External font `cmex10' loaded for size
(Font)              <14.4> on input line 9.
LaTeX Font Info:    External font `cmex10' loaded for size
(Font)              <7> on input line 9.
[1

{C:/Users/colla/AppData/Local/MiKTeX/2.9/pdftex/config/pdftex.map}]
<AB2-1a_1.jpg, id=7, 2473.24pt x 1445.4pt>
File: AB2-1a_1.jpg Graphic file (type jpg)
<use AB2-1a_1.jpg>
Package pdftex.def Info: AB2-1a_1.jpg  used on input line 12.
(pdftex.def)             Requested size: 741.97774pt x 433.62335pt.

Overfull \hbox (10.7419pt too wide) in paragraph at lines 12--12
[] 
 []


Overfull \vbox (4.15982pt too high) has occurred while \output is active []


[2 <./AB2-1a_1.jpg>]
<AB2-1a_2.jpg, id=12, 2505.36pt x 1027.84pt>
File: AB2-1a_2.jpg Graphic file (type jpg)
<use AB2-1a_2.jpg>
Package pdftex.def Info: AB2-1a_2.jpg  used on input line 13.
(pdftex.def)             Requested size: 751.61382pt x 308.35437pt.

Overfull \hbox (38.00279pt too wide) in paragraph at lines 13--14
[][] 
 []

<AB2-1b_1.jpg, id=13, 2473.24pt x 835.12pt>
File: AB2-1b_1.jpg Graphic file (type jpg)
<use AB2-1b_1.jpg>
Package pdftex.def Info: AB2-1b_1.jpg  used on input line 15.
(pdftex.def)             Requested size: 741.97774pt x 250.53793pt.
<AB2-1b_2.jpg, id=14, 2505.36pt x 770.88pt>
File: AB2-1b_2.jpg Graphic file (type jpg)
<use AB2-1b_2.jpg>
Package pdftex.def Info: AB2-1b_2.jpg  used on input line 16.
(pdftex.def)             Requested size: 751.61382pt x 231.26578pt.

Overfull \hbox (10.7419pt too wide) in paragraph at lines 15--17
[] 
 []


Overfull \hbox (20.37798pt too wide) in paragraph at lines 15--17
[] 
 []

[3 <./AB2-1a_2.jpg>]
Overfull \vbox (23.45683pt too high) has occurred while \output is active []


[4 <./AB2-1b_1.jpg> <./AB2-1b_2.jpg>]
<AB2-2_1.jpg, id=21, 2505.36pt x 1573.88pt>
File: AB2-2_1.jpg Graphic file (type jpg)
<use AB2-2_1.jpg>
Package pdftex.def Info: AB2-2_1.jpg  used on input line 18.
(pdftex.def)             Requested size: 751.61382pt x 472.16765pt.

Overfull \hbox (20.37798pt too wide) in paragraph at lines 18--19
[] 
 []


Overfull \vbox (16.71411pt too high) has occurred while \output is active []


[5 <./AB2-2_1.jpg>]
<Ab2-3_1.jpg, id=25, 2473.24pt x 1252.68pt>
File: Ab2-3_1.jpg Graphic file (type jpg)
<use Ab2-3_1.jpg>
Package pdftex.def Info: Ab2-3_1.jpg  used on input line 20.
(pdftex.def)             Requested size: 741.97774pt x 375.8069pt.

Overfull \hbox (10.7419pt too wide) in paragraph at lines 20--20
[] 
 []

[6 <./Ab2-3_1.jpg>]
<Ab2-3_2.jpg, id=29, 2409.0pt x 1252.68pt>
File: Ab2-3_2.jpg Graphic file (type jpg)
<use Ab2-3_2.jpg>
Package pdftex.def Info: Ab2-3_2.jpg  used on input line 21.
(pdftex.def)             Requested size: 722.7056pt x 375.8069pt.

Overfull \hbox (9.09457pt too wide) in paragraph at lines 21--21
[][] 
 []

[7 <./Ab2-3_2.jpg>]
<Ab2-3_3.jpg, id=34, 2023.56pt x 1124.2pt>
File: Ab2-3_3.jpg Graphic file (type jpg)
<use Ab2-3_3.jpg>
Package pdftex.def Info: Ab2-3_3.jpg  used on input line 22.
(pdftex.def)             Requested size: 607.0727pt x 337.2626pt.
<AB2-4_1.jpg, id=35, 2275.50125pt x 1368.11125pt>
File: AB2-4_1.jpg Graphic file (type jpg)
<use AB2-4_1.jpg>
Package pdftex.def Info: AB2-4_1.jpg  used on input line 25.
(pdftex.def)             Requested size: 682.65565pt x 410.43654pt.
 [8 <./Ab2-3_3.jpg>] [9 <./AB2-4_1.jpg>] [10] (B2_LSG.aux) ) 
Here is how much of TeX's memory you used:
 1976 strings out of 492970
 28536 string characters out of 3135854
 95615 words of memory out of 3000000
 5842 multiletter control sequences out of 15000+200000
 6063 words of font info for 22 fonts, out of 3000000 for 9000
 1141 hyphenation exceptions out of 8191
 41i,6n,25p,275b,189s stack positions out of 5000i,500n,10000p,200000b,50000s
<C:/Program Files/M
iKTeX 2.9/fonts/type1/public/amsfonts/cm/cmbx12.pfb><C:/Program Files/MiKTeX 2.
9/fonts/type1/public/amsfonts/cm/cmr12.pfb><C:/Program Files/MiKTeX 2.9/fonts/t
ype1/public/amsfonts/cm/cmr17.pfb>
Output written on B2_LSG.pdf (10 pages, 2296980 bytes).
PDF statistics:
 56 PDF objects out of 1000 (max. 8388607)
 0 named destinations out of 1000 (max. 500000)
 46 words of extra memory for PDF output out of 10000 (max. 10000000)

