This is pdfTeX, Version 3.14159265-2.6-1.40.19 (MiKTeX 2.9.6700) (preloaded format=pdflatex 2018.4.12)  17 JUN 2018 17:23
entering extended mode
**./LAT10_LSG.tex
(LAT10_LSG.tex
LaTeX2e <2018-04-01> patch level 2
Babel <3.18> and hyphenation patterns for 0 language(s) loaded.
(/home/cola/.miktex/texmfs/install/tex/latex/base/article.cls
Document Class: article 2014/09/29 v1.4h Standard LaTeX document class
(/home/cola/.miktex/texmfs/install/tex/latex/base/size10.clo
File: size10.clo 2014/09/29 v1.4h Standard LaTeX file (size option)
)
\c@part=\count80
\c@section=\count81
\c@subsection=\count82
\c@subsubsection=\count83
\c@paragraph=\count84
\c@subparagraph=\count85
\c@figure=\count86
\c@table=\count87
\abovecaptionskip=\skip41
\belowcaptionskip=\skip42
\bibindent=\dimen102
)
(/home/cola/.miktex/texmfs/install/tex/latex/base/inputenc.sty
Package: inputenc 2018/04/06 v1.3b Input encoding file
\inpenc@prehook=\toks14
\inpenc@posthook=\toks15
)
(/home/cola/.miktex/texmfs/install/tex/latex/amsmath/amsmath.sty
Package: amsmath 2017/09/02 v2.17a AMS math features
\@mathmargin=\skip43

For additional information on amsmath, use the `?' option.
(/home/cola/.miktex/texmfs/install/tex/latex/amsmath/amstext.sty
Package: amstext 2000/06/29 v2.01 AMS text

(/home/cola/.miktex/texmfs/install/tex/latex/amsmath/amsgen.sty
File: amsgen.sty 1999/11/30 v2.0 generic functions
\@emptytoks=\toks16
\ex@=\dimen103
))
(/home/cola/.miktex/texmfs/install/tex/latex/amsmath/amsbsy.sty
Package: amsbsy 1999/11/29 v1.2d Bold Symbols
\pmbraise@=\dimen104
)
(/home/cola/.miktex/texmfs/install/tex/latex/amsmath/amsopn.sty
Package: amsopn 2016/03/08 v2.02 operator names
)
\inf@bad=\count88
LaTeX Info: Redefining \frac on input line 213.
\uproot@=\count89
\leftroot@=\count90
LaTeX Info: Redefining \overline on input line 375.
\classnum@=\count91
\DOTSCASE@=\count92
LaTeX Info: Redefining \ldots on input line 472.
LaTeX Info: Redefining \dots on input line 475.
LaTeX Info: Redefining \cdots on input line 596.
\Mathstrutbox@=\box26
\strutbox@=\box27
\big@size=\dimen105
LaTeX Font Info:    Redeclaring font encoding OML on input line 712.
LaTeX Font Info:    Redeclaring font encoding OMS on input line 713.
\macc@depth=\count93
\c@MaxMatrixCols=\count94
\dotsspace@=\muskip10
\c@parentequation=\count95
\dspbrk@lvl=\count96
\tag@help=\toks17
\row@=\count97
\column@=\count98
\maxfields@=\count99
\andhelp@=\toks18
\eqnshift@=\dimen106
\alignsep@=\dimen107
\tagshift@=\dimen108
\tagwidth@=\dimen109
\totwidth@=\dimen110
\lineht@=\dimen111
\@envbody=\toks19
\multlinegap=\skip44
\multlinetaggap=\skip45
\mathdisplay@stack=\toks20
LaTeX Info: Redefining \[ on input line 2817.
LaTeX Info: Redefining \] on input line 2818.
)
(/home/cola/.miktex/texmfs/install/tex/latex/amsfonts/amsfonts.sty
Package: amsfonts 2013/01/14 v3.01 Basic AMSFonts support
\symAMSa=\mathgroup4
\symAMSb=\mathgroup5
LaTeX Font Info:    Overwriting math alphabet `\mathfrak' in version `bold'
(Font)                  U/euf/m/n --> U/euf/b/n on input line 106.
)
(/home/cola/.miktex/texmfs/install/tex/latex/amsfonts/amssymb.sty
Package: amssymb 2013/01/14 v3.01 AMS font symbols
)
(/home/cola/.miktex/texmfs/install/tex/latex/base/makeidx.sty
Package: makeidx 2014/09/29 v1.0m Standard LaTeX package
)
(/home/cola/.miktex/texmfs/install/tex/latex/graphics/graphicx.sty
Package: graphicx 2017/06/01 v1.1a Enhanced LaTeX Graphics (DPC,SPQR)

(/home/cola/.miktex/texmfs/install/tex/latex/graphics/keyval.sty
Package: keyval 2014/10/28 v1.15 key=value parser (DPC)
\KV@toks@=\toks21
)
(/home/cola/.miktex/texmfs/install/tex/latex/graphics/graphics.sty
Package: graphics 2017/06/25 v1.2c Standard LaTeX Graphics (DPC,SPQR)

(/home/cola/.miktex/texmfs/install/tex/latex/graphics/trig.sty
Package: trig 2016/01/03 v1.10 sin cos tan (DPC)
)
(/home/cola/.miktex/texmfs/install/tex/latex/graphics-cfg/graphics.cfg
File: graphics.cfg 2016/06/04 v1.11 sample graphics configuration
)
Package graphics Info: Driver file: pdftex.def on input line 99.

(/home/cola/.miktex/texmfs/install/tex/latex/graphics-def/pdftex.def
File: pdftex.def 2018/01/08 v1.0l Graphics/color driver for pdftex
))
\Gin@req@height=\dimen112
\Gin@req@width=\dimen113
)
(/home/cola/.miktex/texmfs/install/tex/latex/lm/lmodern.sty
Package: lmodern 2009/10/30 v1.6 Latin Modern Fonts
LaTeX Font Info:    Overwriting symbol font `operators' in version `normal'
(Font)                  OT1/cmr/m/n --> OT1/lmr/m/n on input line 22.
LaTeX Font Info:    Overwriting symbol font `letters' in version `normal'
(Font)                  OML/cmm/m/it --> OML/lmm/m/it on input line 23.
LaTeX Font Info:    Overwriting symbol font `symbols' in version `normal'
(Font)                  OMS/cmsy/m/n --> OMS/lmsy/m/n on input line 24.
LaTeX Font Info:    Overwriting symbol font `largesymbols' in version `normal'
(Font)                  OMX/cmex/m/n --> OMX/lmex/m/n on input line 25.
LaTeX Font Info:    Overwriting symbol font `operators' in version `bold'
(Font)                  OT1/cmr/bx/n --> OT1/lmr/bx/n on input line 26.
LaTeX Font Info:    Overwriting symbol font `letters' in version `bold'
(Font)                  OML/cmm/b/it --> OML/lmm/b/it on input line 27.
LaTeX Font Info:    Overwriting symbol font `symbols' in version `bold'
(Font)                  OMS/cmsy/b/n --> OMS/lmsy/b/n on input line 28.
LaTeX Font Info:    Overwriting symbol font `largesymbols' in version `bold'
(Font)                  OMX/cmex/m/n --> OMX/lmex/m/n on input line 29.
LaTeX Font Info:    Overwriting math alphabet `\mathbf' in version `normal'
(Font)                  OT1/cmr/bx/n --> OT1/lmr/bx/n on input line 31.
LaTeX Font Info:    Overwriting math alphabet `\mathsf' in version `normal'
(Font)                  OT1/cmss/m/n --> OT1/lmss/m/n on input line 32.
LaTeX Font Info:    Overwriting math alphabet `\mathit' in version `normal'
(Font)                  OT1/cmr/m/it --> OT1/lmr/m/it on input line 33.
LaTeX Font Info:    Overwriting math alphabet `\mathtt' in version `normal'
(Font)                  OT1/cmtt/m/n --> OT1/lmtt/m/n on input line 34.
LaTeX Font Info:    Overwriting math alphabet `\mathbf' in version `bold'
(Font)                  OT1/cmr/bx/n --> OT1/lmr/bx/n on input line 35.
LaTeX Font Info:    Overwriting math alphabet `\mathsf' in version `bold'
(Font)                  OT1/cmss/bx/n --> OT1/lmss/bx/n on input line 36.
LaTeX Font Info:    Overwriting math alphabet `\mathit' in version `bold'
(Font)                  OT1/cmr/bx/it --> OT1/lmr/bx/it on input line 37.
LaTeX Font Info:    Overwriting math alphabet `\mathtt' in version `bold'
(Font)                  OT1/cmtt/m/n --> OT1/lmtt/m/n on input line 38.
) (LAT10_LSG.aux)
\openout1 = `LAT10_LSG.aux'.

LaTeX Font Info:    Checking defaults for OML/cmm/m/it on input line 14.
LaTeX Font Info:    ... okay on input line 14.
LaTeX Font Info:    Checking defaults for T1/cmr/m/n on input line 14.
LaTeX Font Info:    ... okay on input line 14.
LaTeX Font Info:    Checking defaults for OT1/cmr/m/n on input line 14.
LaTeX Font Info:    ... okay on input line 14.
LaTeX Font Info:    Checking defaults for OMS/cmsy/m/n on input line 14.
LaTeX Font Info:    ... okay on input line 14.
LaTeX Font Info:    Checking defaults for OMX/cmex/m/n on input line 14.
LaTeX Font Info:    ... okay on input line 14.
LaTeX Font Info:    Checking defaults for U/cmr/m/n on input line 14.
LaTeX Font Info:    ... okay on input line 14.
LaTeX Font Info:    Try loading font information for OT1+lmr on input line 14.

(/home/cola/.miktex/texmfs/install/tex/latex/lm/ot1lmr.fd
File: ot1lmr.fd 2009/10/30 v1.6 Font defs for Latin Modern
)
(/home/cola/.miktex/texmfs/install/tex/context/base/supp-pdf.mkii
[Loading MPS to PDF converter (version 2006.09.02).]
\scratchcounter=\count100
\scratchdimen=\dimen114
\scratchbox=\box28
\nofMPsegments=\count101
\nofMParguments=\count102
\everyMPshowfont=\toks22
\MPscratchCnt=\count103
\MPscratchDim=\dimen115
\MPnumerator=\count104
\makeMPintoPDFobject=\count105
\everyMPtoPDFconversion=\toks23
) (/home/cola/.miktex/texmfs/install/tex/latex/oberdiek/epstopdf-base.sty
Package: epstopdf-base 2016/05/15 v2.6 Base part for package epstopdf

(/home/cola/.miktex/texmfs/install/tex/generic/oberdiek/infwarerr.sty
Package: infwarerr 2016/05/16 v1.4 Providing info/warning/error messages (HO)
)
(/home/cola/.miktex/texmfs/install/tex/latex/oberdiek/grfext.sty
Package: grfext 2016/05/16 v1.2 Manage graphics extensions (HO)

(/home/cola/.miktex/texmfs/install/tex/generic/oberdiek/kvdefinekeys.sty
Package: kvdefinekeys 2016/05/16 v1.4 Define keys (HO)

(/home/cola/.miktex/texmfs/install/tex/generic/oberdiek/ltxcmds.sty
Package: ltxcmds 2016/05/16 v1.23 LaTeX kernel commands for general use (HO)
)))
(/home/cola/.miktex/texmfs/install/tex/latex/oberdiek/kvoptions.sty
Package: kvoptions 2016/05/16 v3.12 Key value format for package options (HO)

(/home/cola/.miktex/texmfs/install/tex/generic/oberdiek/kvsetkeys.sty
Package: kvsetkeys 2016/05/16 v1.17 Key value parser (HO)

(/home/cola/.miktex/texmfs/install/tex/generic/oberdiek/etexcmds.sty
Package: etexcmds 2016/05/16 v1.6 Avoid name clashes with e-TeX commands (HO)

(/home/cola/.miktex/texmfs/install/tex/generic/oberdiek/ifluatex.sty
Package: ifluatex 2016/05/16 v1.4 Provides the ifluatex switch (HO)
Package ifluatex Info: LuaTeX not detected.
)
Package etexcmds Info: Could not find \expanded.
(etexcmds)             That can mean that you are not using pdfTeX 1.50 or
(etexcmds)             that some package has redefined \expanded.
(etexcmds)             In the latter case, load this package earlier.
)))
(/home/cola/.miktex/texmfs/install/tex/generic/oberdiek/pdftexcmds.sty
Package: pdftexcmds 2018/01/30 v0.27 Utility functions of pdfTeX for LuaTeX (HO
)

(/home/cola/.miktex/texmfs/install/tex/generic/oberdiek/ifpdf.sty
Package: ifpdf 2017/03/15 v3.2 Provides the ifpdf switch
)
Package pdftexcmds Info: LuaTeX not detected.
Package pdftexcmds Info: \pdf@primitive is available.
Package pdftexcmds Info: \pdf@ifprimitive is available.
Package pdftexcmds Info: \pdfdraftmode found.
)
Package epstopdf-base Info: Redefining graphics rule for `.eps' on input line 4
38.
Package grfext Info: Graphics extension search list:
(grfext)             [.pdf,.png,.jpg,.mps,.jpeg,.jbig2,.jb2,.PDF,.PNG,.JPG,.JPE
G,.JBIG2,.JB2,.eps]
(grfext)             \AppendGraphicsExtensions on input line 456.
)
LaTeX Font Info:    Try loading font information for OML+lmm on input line 15.

(/home/cola/.miktex/texmfs/install/tex/latex/lm/omllmm.fd
File: omllmm.fd 2009/10/30 v1.6 Font defs for Latin Modern
)
LaTeX Font Info:    Try loading font information for OMS+lmsy on input line 15.


(/home/cola/.miktex/texmfs/install/tex/latex/lm/omslmsy.fd
File: omslmsy.fd 2009/10/30 v1.6 Font defs for Latin Modern
)
LaTeX Font Info:    Try loading font information for OMX+lmex on input line 15.


(/home/cola/.miktex/texmfs/install/tex/latex/lm/omxlmex.fd
File: omxlmex.fd 2009/10/30 v1.6 Font defs for Latin Modern
)
LaTeX Font Info:    External font `lmex10' loaded for size
(Font)              <12> on input line 15.
LaTeX Font Info:    External font `lmex10' loaded for size
(Font)              <8> on input line 15.
LaTeX Font Info:    External font `lmex10' loaded for size
(Font)              <6> on input line 15.
LaTeX Font Info:    Try loading font information for U+msa on input line 15.

(/home/cola/.miktex/texmfs/install/tex/latex/amsfonts/umsa.fd
File: umsa.fd 2013/01/14 v3.01 AMS symbols A
)
LaTeX Font Info:    Try loading font information for U+msb on input line 15.

(/home/cola/.miktex/texmfs/install/tex/latex/amsfonts/umsb.fd
File: umsb.fd 2013/01/14 v3.01 AMS symbols B
)
<lat1_1.jpg, id=1, 1766.6pt x 2055.68pt>
File: lat1_1.jpg Graphic file (type jpg)
<use lat1_1.jpg>
Package pdftex.def Info: lat1_1.jpg  used on input line 17.
(pdftex.def)             Requested size: 441.64893pt x 513.91875pt.

Overfull \hbox (111.64893pt too wide) in paragraph at lines 17--18
[][] 
 []


Underfull \hbox (badness 10000) in paragraph at lines 17--18

 []

[1

{/home/cola/.miktex/texmfs/data/pdftex/config/pdftex.map}]
<lat1_2.jpg, id=9, 1670.24pt x 1862.96pt>
File: lat1_2.jpg Graphic file (type jpg)
<use lat1_2.jpg>
Package pdftex.def Info: lat1_2.jpg  used on input line 19.
(pdftex.def)             Requested size: 417.55898pt x 465.73886pt.
<lat1_3.jpg, id=10, 1638.12pt x 1959.32pt>
File: lat1_3.jpg Graphic file (type jpg)
<use lat1_3.jpg>
Package pdftex.def Info: lat1_3.jpg  used on input line 20.
(pdftex.def)             Requested size: 409.52899pt x 489.82881pt.
<lat1_4.jpg, id=11, 1509.64pt x 2569.6pt>
File: lat1_4.jpg Graphic file (type jpg)
<use lat1_4.jpg>
Package pdftex.def Info: lat1_4.jpg  used on input line 21.
(pdftex.def)             Requested size: 377.40907pt x 642.39844pt.
<lat1_5.jpg, id=12, 1734.48pt x 2216.28pt>
File: lat1_5.jpg Graphic file (type jpg)
<use lat1_5.jpg>
Package pdftex.def Info: lat1_5.jpg  used on input line 22.
(pdftex.def)             Requested size: 433.61894pt x 554.06865pt.
<lat1_6.jpg, id=13, 1573.88pt x 2344.76pt>
File: lat1_6.jpg Graphic file (type jpg)
<use lat1_6.jpg>
Package pdftex.def Info: lat1_6.jpg  used on input line 23.
(pdftex.def)             Requested size: 393.46904pt x 586.18857pt.
<lat1_7.jpg, id=14, 1702.36pt x 2473.24pt>
File: lat1_7.jpg Graphic file (type jpg)
<use lat1_7.jpg>
Package pdftex.def Info: lat1_7.jpg  used on input line 24.
(pdftex.def)             Requested size: 425.58896pt x 618.3085pt.
<lat1_8.jpg, id=15, 1670.24pt x 2441.12pt>
File: lat1_8.jpg Graphic file (type jpg)
<use lat1_8.jpg>
Package pdftex.def Info: lat1_8.jpg  used on input line 25.
(pdftex.def)             Requested size: 417.55898pt x 610.2785pt.
<lat1_9.jpg, id=16, 1702.36pt x 1734.48pt>
File: lat1_9.jpg Graphic file (type jpg)
<use lat1_9.jpg>
Package pdftex.def Info: lat1_9.jpg  used on input line 26.
(pdftex.def)             Requested size: 425.58896pt x 433.61894pt.

Overfull \hbox (87.55898pt too wide) in paragraph at lines 19--27
[][] 
 []


Overfull \hbox (64.52899pt too wide) in paragraph at lines 19--27
[] 
 []


Overfull \hbox (32.40907pt too wide) in paragraph at lines 19--27
[] 
 []


Overfull \hbox (88.61894pt too wide) in paragraph at lines 19--27
[] 
 []


Overfull \hbox (48.46904pt too wide) in paragraph at lines 19--27
[] 
 []


Overfull \hbox (80.58896pt too wide) in paragraph at lines 19--27
[] 
 []


Overfull \hbox (72.55898pt too wide) in paragraph at lines 19--27
[] 
 []


Overfull \hbox (80.58896pt too wide) in paragraph at lines 19--27
[] 
 []


Underfull \hbox (badness 10000) in paragraph at lines 19--27

 []

[2 <./lat1_1.jpg>] [3 <./lat1_2.jpg>] [4 <./lat1_3.jpg>]
Overfull \vbox (44.39844pt too high) has occurred while \output is active []


[5 <./lat1_4.jpg>] [6 <./lat1_5.jpg>] [7 <./lat1_6.jpg>]
Overfull \vbox (20.3085pt too high) has occurred while \output is active []


[8 <./lat1_7.jpg>]
Overfull \vbox (12.2785pt too high) has occurred while \output is active []


[9 <./lat1_8.jpg>]
<lat1_10.jpg, id=42, 1702.36pt x 2473.24pt>
File: lat1_10.jpg Graphic file (type jpg)
<use lat1_10.jpg>
Package pdftex.def Info: lat1_10.jpg  used on input line 28.
(pdftex.def)             Requested size: 425.58896pt x 618.3085pt.

Overfull \hbox (95.58896pt too wide) in paragraph at lines 28--29
[][] 
 []

[10 <./lat1_9.jpg>]
Overfull \vbox (20.3085pt too high) has occurred while \output is active []


[11 <./lat1_10.jpg>] (LAT10_LSG.aux) ) 
Here is how much of TeX's memory you used:
 2472 strings out of 494894
 33826 string characters out of 3178792
 87991 words of memory out of 3000000
 6039 multiletter control sequences out of 15000+200000
 21806 words of font info for 32 fonts, out of 3000000 for 9000
 0 hyphenation exceptions out of 8191
 41i,6n,25p,278b,199s stack positions out of 5000i,500n,10000p,200000b,50000s
{/home/cola/.miktex/texmfs/install/fonts/
enc/dvips/lm/lm-rm.enc}</home/cola/.miktex/texmfs/install/fonts/type1/public/lm
/lmr10.pfb></home/cola/.miktex/texmfs/install/fonts/type1/public/lm/lmr12.pfb><
/home/cola/.miktex/texmfs/install/fonts/type1/public/lm/lmr17.pfb>
Output written on LAT10_LSG.pdf (11 pages, 2402277 bytes).
PDF statistics:
 61 PDF objects out of 1000 (max. 8388607)
 0 named destinations out of 1000 (max. 500000)
 51 words of extra memory for PDF output out of 10000 (max. 10000000)

